[2025-11-07 12:49:38] Running backup script...
[2025-11-07 12:49:38] Backup failed!
[2025-11-07 12:49:46] Starting system update & cleanup...
[2025-11-07 12:49:46] Update & cleanup failed!
[2025-11-07 12:49:49] Monitoring system logs...
[2025-11-07 12:49:49] Log monitoring failed!
[2025-11-07 12:49:57] Exiting Maintenance Suite.
[2025-11-07 14:04:56] Running backup script...
[2025-11-07 14:04:56] Backup failed!
[2025-11-07 14:09:59] Exiting Maintenance Suite.
[2025-11-07 14:16:13] Running backup script...
[2025-11-07 14:16:14] Backup failed!
[2025-11-07 14:17:02] Exiting Maintenance Suite.
[2025-11-07 14:40:44] Running backup script...
[2025-11-07 14:40:44] Backup completed successfully.
[2025-11-07 14:40:51] Running backup script...
[2025-11-07 14:40:51] Backup completed successfully.
[2025-11-07 14:40:54] Starting system update & cleanup...
[2025-11-07 14:42:09] System update & cleanup completed.
[2025-11-07 14:42:14] Starting system update & cleanup...
[2025-11-07 14:42:18] System update & cleanup completed.
[2025-11-07 14:42:21] Running log monitor...
[2025-11-07 14:42:21] Log monitor completed.
[2025-11-07 14:43:20] Running backup script...
[2025-11-07 14:43:20] Backup completed successfully.
[2025-11-07 14:43:30] Starting system update & cleanup...
[2025-11-07 14:43:35] System update & cleanup completed.
[2025-11-07 14:43:46] Running log monitor...
[2025-11-07 14:43:46] Log monitor completed.
[2025-11-07 14:48:13] Exiting Maintenance Suite.
